Build started 2016-01-13 오후 11:04:52.
     1>Project "C:\Users\PKH\Desktop\객체 발표\박강현\ConsoleApplication1.vcxproj" on node 2 (Build target(s)).
     1>ClCompile:
         C:\Program Files (x86)\Microsoft Visual Studio 12.0\VC\bin\CL.exe /c /ZI /nologo /W3 /WX- /Od /Oy- /D WIN32 /D _DEBUG /D _CONSOLE /D _LIB /D _UNICODE /D UNICODE /Gm /EHsc /RTC1 /MDd /GS /fp:precise /Zc:wchar_t /Zc:forScope /Fo"Debug\\" /Fd"Debug\vc120.pdb" /Gd /TP /analyze- /errorReport:prompt Score.cpp
         Score.cpp
         C:\Program Files (x86)\Microsoft Visual Studio 12.0\VC\bin\CL.exe /c /ZI /nologo /W3 /WX- /Od /Oy- /D WIN32 /D _DEBUG /D _CONSOLE /D _LIB /D _UNICODE /D UNICODE /Gm /EHsc /RTC1 /MDd /GS /fp:precise /Zc:wchar_t /Zc:forScope /Fo"Debug\\" /Fd"Debug\vc120.pdb" /Gd /TP /analyze- /errorReport:prompt Board.cpp Brick.cpp Data.cpp Draw.cpp main.cpp Tetris.cpp
         Tetris.cpp
     1>c:\users\pkh\desktop\객체 발표\박강현\tetris.cpp(130): warning C4244: '=' : conversion from 'time_t' to 'int', possible loss of data
         main.cpp
         Draw.cpp
         Data.cpp
         Brick.cpp
         Board.cpp
         Generating Code...
       Link:
         C:\Program Files (x86)\Microsoft Visual Studio 12.0\VC\bin\link.exe /ERRORREPORT:PROMPT /OUT:"C:\Users\PKH\Desktop\객체 발표\박강현\Debug\ConsoleApplication1.exe" /INCREMENTAL /NOLOGO kernel32.lib user32.lib gdi32.lib winspool.lib comdlg32.lib advapi32.lib shell32.lib ole32.lib oleaut32.lib uuid.lib odbc32.lib odbccp32.lib /MANIFEST /MANIFESTUAC:"level='asInvoker' uiAccess='false'" /manifest:embed /DEBUG /PDB:"C:\Users\PKH\Desktop\객체 발표\박강현\Debug\ConsoleApplication1.pdb" /SUBSYSTEM:CONSOLE /TLBID:1 /DYNAMICBASE /NXCOMPAT /IMPLIB:"C:\Users\PKH\Desktop\객체 발표\박강현\Debug\ConsoleApplication1.lib" /MACHINE:X86 Debug\Score.obj
         Debug\Board.obj
         Debug\Brick.obj
         Debug\Data.obj
         Debug\Draw.obj
         Debug\main.obj
         Debug\Tetris.obj
         ConsoleApplication1.vcxproj -> C:\Users\PKH\Desktop\객체 발표\박강현\Debug\ConsoleApplication1.exe
     1>Done Building Project "C:\Users\PKH\Desktop\객체 발표\박강현\ConsoleApplication1.vcxproj" (Build target(s)).

Build succeeded.

Time Elapsed 00:00:02.80
